Running: /opt/Xilinx/14.7/ISE_DS/ISE/bin/lin64/unwrapped/fuse -relaunch -intstyle "ise" -incremental -lib "unisims_ver" -lib "unimacro_ver" -lib "xilinxcorelib_ver" -lib "secureip" -o "/home/onur/Desktop/Neorv/ialutb_isim_beh.exe" -prj "/home/onur/Desktop/Neorv/ialutb_beh.prj" "ialutb" "work.glbl" 
ISim P.20131013 (signature 0xfbc00daa)
Number of CPUs detected in this system: 12
Turning on mult-threading, number of parallel sub-compilation jobs: 24 
Determining compilation order of HDL files
Analyzing Verilog file "/home/onur/Desktop/Neorv/IALU.v" into library work
Analyzing Verilog file "/home/onur/Desktop/Neorv/ialutb.v" into library work
Analyzing Verilog file "/opt/Xilinx/14.7/ISE_DS/ISE//verilog/src/glbl.v" into library work
Starting static elaboration
WARNING:HDLCompiler:1016 - "/home/onur/Desktop/Neorv/IALU.v" Line 590: Port E is not connected to this instance
WARNING:HDLCompiler:1016 - "/home/onur/Desktop/Neorv/IALU.v" Line 351: Port cout is not connected to this instance
Completed static elaboration
Fuse Memory Usage: 82996 KB
Fuse CPU Usage: 790 ms
Compiling module ZeroComparatorG
Compiling module ZeroComparatorL
Compiling module Comparator
Compiling module CrossComparator
Compiling module ErrorDetector
Compiling module ProcessRedirectorModule
Compiling module AdderSignFunction
Compiling module AdderSubtractorTopModule
Compiling module NormalizeMul
Compiling module RoundingMul
Compiling module MultiplierTopModule
Compiling module MultiplierTopModule(updown=1)
Compiling module Four_Bit_Divider
Compiling module FullAdder
Compiling module Four_Bit_Substractor_Div
Compiling module Div_Normalization
Compiling module DividerTopModule
Compiling module IALU
Compiling module ialutb
Compiling module glbl
Time Resolution for simulation is 1ps.
Waiting for 1 sub-compilation(s) to finish...
Compiled 20 Verilog Units
Built simulation executable /home/onur/Desktop/Neorv/ialutb_isim_beh.exe
Fuse Memory Usage: 1692352 KB
Fuse CPU Usage: 820 ms
GCC CPU Usage: 130 ms
