ISim log file
Running: /home/onur/Desktop/Neorv/ialutb_isim_beh.exe -intstyle ise -gui -tclbatch isim.cmd -wdb /home/onur/Desktop/Neorv/ialutb_isim_beh.wdb 
ISim P.20131013 (signature 0xfbc00daa)
WARNING: A WEBPACK license was found.
WARNING: Please use Xilinx License Configuration Manager to check out a full ISim license.
WARNING: ISim will run in Lite mode. Please refer to the ISim documentation for more information on the differences between the Lite and the Full version.
This is a Lite version of ISim.
WARNING: File "/home/onur/Desktop/Neorv/IALU.v" Line 717.  For instance adderdown/signFunc/, width 16 of formal port fract1 is not equal to width 15 of actual signal a2.
WARNING: File "/home/onur/Desktop/Neorv/IALU.v" Line 717.  For instance adderdown/signFunc/, width 16 of formal port fract2 is not equal to width 15 of actual signal b2.
WARNING: File "/home/onur/Desktop/Neorv/IALU.v" Line 717.  For instance adderup/signFunc/, width 16 of formal port fract1 is not equal to width 15 of actual signal a2.
WARNING: File "/home/onur/Desktop/Neorv/IALU.v" Line 717.  For instance adderup/signFunc/, width 16 of formal port fract2 is not equal to width 15 of actual signal b2.
WARNING:  For instance divdown/div/, width 5 of formal port a is not equal to width 11 of actual constant.
WARNING:  For instance divdown/div/, width 5 of formal port b is not equal to width 11 of actual constant.
WARNING: File "/home/onur/Desktop/Neorv/IALU.v" Line 343.  For instance divdown/div/, width 6 of formal port div_result is not equal to width 12 of actual signal div_result.
WARNING:  For instance divup/div/, width 5 of formal port a is not equal to width 11 of actual constant.
WARNING:  For instance divup/div/, width 5 of formal port b is not equal to width 11 of actual constant.
WARNING: File "/home/onur/Desktop/Neorv/IALU.v" Line 343.  For instance divup/div/, width 6 of formal port div_result is not equal to width 12 of actual signal div_result.
Time resolution is 1 ps
# onerror resume
# wave add /
# run 1000 ns
Simulator is doing circuit initialization process.
error 0 00000 0000000000
error 0 00000 0000000000
hata hidden bit yok
hata hidden bit yok
Finished circuit initialization process.
Sonu 0 iaret yok
Sonu 0 iaret yok
hata hidden bit yok
Sonu 0 iaret yok
hata hidden bit yok
Sonu 0 iaret yok
Sonu 0 iaret yok
Sonu 0 iaret yok
Sonu 0 iaret yok
Overflow error normalize
Overflow error normalize
Overflow error normalize
Overflow error normalize
Overflow error normalize
Overflow error normalize
Overflow error normalize
Overflow error normalize
Sonu 0 iaret yok
Sonu 0 iaret yok
Sonu 0 iaret yok
Sonu 0 iaret yok
Overflow error normalize
Overflow error normalize
Overflow error normalize
Overflow error normalize
ISim P.20131013 (signature 0xfbc00daa)
WARNING: A WEBPACK license was found.
WARNING: Please use Xilinx License Configuration Manager to check out a full ISim license.
WARNING: ISim will run in Lite mode. Please refer to the ISim documentation for more information on the differences between the Lite and the Full version.
This is a Lite version of ISim.
WARNING: File "/home/onur/Desktop/Neorv/IALU.v" Line 717.  For instance adderdown/signFunc/, width 16 of formal port fract1 is not equal to width 15 of actual signal a2.
WARNING: File "/home/onur/Desktop/Neorv/IALU.v" Line 717.  For instance adderdown/signFunc/, width 16 of formal port fract2 is not equal to width 15 of actual signal b2.
WARNING: File "/home/onur/Desktop/Neorv/IALU.v" Line 717.  For instance adderup/signFunc/, width 16 of formal port fract1 is not equal to width 15 of actual signal a2.
WARNING: File "/home/onur/Desktop/Neorv/IALU.v" Line 717.  For instance adderup/signFunc/, width 16 of formal port fract2 is not equal to width 15 of actual signal b2.
WARNING:  For instance divdown/div/, width 5 of formal port a is not equal to width 11 of actual constant.
WARNING:  For instance divdown/div/, width 5 of formal port b is not equal to width 11 of actual constant.
WARNING: File "/home/onur/Desktop/Neorv/IALU.v" Line 343.  For instance divdown/div/, width 6 of formal port div_result is not equal to width 12 of actual signal div_result.
WARNING:  For instance divup/div/, width 5 of formal port a is not equal to width 11 of actual constant.
WARNING:  For instance divup/div/, width 5 of formal port b is not equal to width 11 of actual constant.
WARNING: File "/home/onur/Desktop/Neorv/IALU.v" Line 343.  For instance divup/div/, width 6 of formal port div_result is not equal to width 12 of actual signal div_result.
# run 1000 ns
Simulator is doing circuit initialization process.
hata hidden bit yok
hata hidden bit yok
Finished circuit initialization process.
Overflow error normalize
Overflow error normalize
Overflow error normalize
Overflow error normalize
Sonu 0 iaret yok
Sonu 0 iaret yok
Sonu 0 iaret yok
Sonu 0 iaret yok
Overflow error normalize
Overflow error normalize
Overflow error normalize
Overflow error normalize
Overflow error normalize
Overflow error normalize
Overflow error normalize
Overflow error normalize
Sonu 0 iaret yok
Sonu 0 iaret yok
Sonu 0 iaret yok
Sonu 0 iaret yok
Overflow error normalize
Overflow error normalize
Overflow error normalize
Overflow error normalize
ISim P.20131013 (signature 0xfbc00daa)
WARNING: A WEBPACK license was found.
WARNING: Please use Xilinx License Configuration Manager to check out a full ISim license.
WARNING: ISim will run in Lite mode. Please refer to the ISim documentation for more information on the differences between the Lite and the Full version.
This is a Lite version of ISim.
WARNING: File "/home/onur/Desktop/Neorv/IALU.v" Line 717.  For instance adderdown/signFunc/, width 16 of formal port fract1 is not equal to width 15 of actual signal a2.
WARNING: File "/home/onur/Desktop/Neorv/IALU.v" Line 717.  For instance adderdown/signFunc/, width 16 of formal port fract2 is not equal to width 15 of actual signal b2.
WARNING: File "/home/onur/Desktop/Neorv/IALU.v" Line 717.  For instance adderup/signFunc/, width 16 of formal port fract1 is not equal to width 15 of actual signal a2.
WARNING: File "/home/onur/Desktop/Neorv/IALU.v" Line 717.  For instance adderup/signFunc/, width 16 of formal port fract2 is not equal to width 15 of actual signal b2.
WARNING:  For instance divdown/div/, width 5 of formal port a is not equal to width 11 of actual constant.
WARNING:  For instance divdown/div/, width 5 of formal port b is not equal to width 11 of actual constant.
WARNING: File "/home/onur/Desktop/Neorv/IALU.v" Line 343.  For instance divdown/div/, width 6 of formal port div_result is not equal to width 12 of actual signal div_result.
WARNING:  For instance divup/div/, width 5 of formal port a is not equal to width 11 of actual constant.
WARNING:  For instance divup/div/, width 5 of formal port b is not equal to width 11 of actual constant.
WARNING: File "/home/onur/Desktop/Neorv/IALU.v" Line 343.  For instance divup/div/, width 6 of formal port div_result is not equal to width 12 of actual signal div_result.
# run 1000 ns
Simulator is doing circuit initialization process.
hata hidden bit yok
hata hidden bit yok
Finished circuit initialization process.
Overflow error normalize
Overflow error normalize
Overflow error normalize
Overflow error normalize
Sonu 0 iaret yok
Sonu 0 iaret yok
Sonu 0 iaret yok
Sonu 0 iaret yok
Overflow error normalize
Overflow error normalize
Overflow error normalize
Overflow error normalize
Overflow error normalize
Overflow error normalize
Overflow error normalize
Overflow error normalize
Sonu 0 iaret yok
Sonu 0 iaret yok
Sonu 0 iaret yok
Sonu 0 iaret yok
Overflow error normalize
Overflow error normalize
Overflow error normalize
Overflow error normalize
ISim P.20131013 (signature 0xfbc00daa)
WARNING: A WEBPACK license was found.
WARNING: Please use Xilinx License Configuration Manager to check out a full ISim license.
WARNING: ISim will run in Lite mode. Please refer to the ISim documentation for more information on the differences between the Lite and the Full version.
This is a Lite version of ISim.
WARNING: File "/home/onur/Desktop/Neorv/IALU.v" Line 717.  For instance adderdown/signFunc/, width 16 of formal port fract1 is not equal to width 15 of actual signal a2.
WARNING: File "/home/onur/Desktop/Neorv/IALU.v" Line 717.  For instance adderdown/signFunc/, width 16 of formal port fract2 is not equal to width 15 of actual signal b2.
WARNING: File "/home/onur/Desktop/Neorv/IALU.v" Line 717.  For instance adderup/signFunc/, width 16 of formal port fract1 is not equal to width 15 of actual signal a2.
WARNING: File "/home/onur/Desktop/Neorv/IALU.v" Line 717.  For instance adderup/signFunc/, width 16 of formal port fract2 is not equal to width 15 of actual signal b2.
WARNING:  For instance divdown/div/, width 5 of formal port a is not equal to width 11 of actual constant.
WARNING:  For instance divdown/div/, width 5 of formal port b is not equal to width 11 of actual constant.
WARNING: File "/home/onur/Desktop/Neorv/IALU.v" Line 343.  For instance divdown/div/, width 6 of formal port div_result is not equal to width 12 of actual signal div_result.
WARNING:  For instance divup/div/, width 5 of formal port a is not equal to width 11 of actual constant.
WARNING:  For instance divup/div/, width 5 of formal port b is not equal to width 11 of actual constant.
WARNING: File "/home/onur/Desktop/Neorv/IALU.v" Line 343.  For instance divup/div/, width 6 of formal port div_result is not equal to width 12 of actual signal div_result.
# run 1000 ns
Simulator is doing circuit initialization process.
hata hidden bit yok
hata hidden bit yok
Finished circuit initialization process.
Overflow error normalize
Overflow error normalize
Overflow error normalize
Overflow error normalize
Sonu 0 iaret yok
Sonu 0 iaret yok
Sonu 0 iaret yok
Sonu 0 iaret yok
Overflow error normalize
Overflow error normalize
Overflow error normalize
Overflow error normalize
Overflow error normalize
Overflow error normalize
Overflow error normalize
Overflow error normalize
Sonu 0 iaret yok
Sonu 0 iaret yok
Sonu 0 iaret yok
Sonu 0 iaret yok
Overflow error normalize
Overflow error normalize
Overflow error normalize
Overflow error normalize
ISim P.20131013 (signature 0xfbc00daa)
WARNING: A WEBPACK license was found.
WARNING: Please use Xilinx License Configuration Manager to check out a full ISim license.
WARNING: ISim will run in Lite mode. Please refer to the ISim documentation for more information on the differences between the Lite and the Full version.
This is a Lite version of ISim.
WARNING:  For instance divdown/div/, width 5 of formal port a is not equal to width 11 of actual constant.
WARNING:  For instance divdown/div/, width 5 of formal port b is not equal to width 11 of actual constant.
WARNING: File "/home/onur/Desktop/Neorv/IALU.v" Line 343.  For instance divdown/div/, width 6 of formal port div_result is not equal to width 12 of actual signal div_result.
WARNING:  For instance divup/div/, width 5 of formal port a is not equal to width 11 of actual constant.
WARNING:  For instance divup/div/, width 5 of formal port b is not equal to width 11 of actual constant.
WARNING: File "/home/onur/Desktop/Neorv/IALU.v" Line 343.  For instance divup/div/, width 6 of formal port div_result is not equal to width 12 of actual signal div_result.
# run 1000 ns
Simulator is doing circuit initialization process.
hata hidden bit yok
hata hidden bit yok
Finished circuit initialization process.
Overflow error normalize
Overflow error normalize
Overflow error normalize
Overflow error normalize
Overflow error normalize
Overflow error normalize
Overflow error normalize
Overflow error normalize
Overflow error normalize
Overflow error normalize
Overflow error normalize
Overflow error normalize
Overflow error normalize
Overflow error normalize
Overflow error normalize
Overflow error normalize
ISim P.20131013 (signature 0xfbc00daa)
WARNING: A WEBPACK license was found.
WARNING: Please use Xilinx License Configuration Manager to check out a full ISim license.
WARNING: ISim will run in Lite mode. Please refer to the ISim documentation for more information on the differences between the Lite and the Full version.
This is a Lite version of ISim.
WARNING: File "/home/onur/Desktop/Neorv/IALU.v" Line 518.  For instance multdown/normmul/, width 20 of formal port m_result is not equal to width 22 of actual signal mult_fract.
WARNING: File "/home/onur/Desktop/Neorv/IALU.v" Line 521.  For instance multdown/normmul/, width 20 of formal port s_result is not equal to width 22 of actual signal norm_res.
WARNING: File "/home/onur/Desktop/Neorv/IALU.v" Line 521.  For instance multdown/roundmul/, width 20 of formal port s_result is not equal to width 22 of actual signal norm_res.
WARNING: File "/home/onur/Desktop/Neorv/IALU.v" Line 518.  For instance multup/normmul/, width 20 of formal port m_result is not equal to width 22 of actual signal mult_fract.
WARNING: File "/home/onur/Desktop/Neorv/IALU.v" Line 521.  For instance multup/normmul/, width 20 of formal port s_result is not equal to width 22 of actual signal norm_res.
WARNING: File "/home/onur/Desktop/Neorv/IALU.v" Line 521.  For instance multup/roundmul/, width 20 of formal port s_result is not equal to width 22 of actual signal norm_res.
WARNING:  For instance divdown/div/, width 5 of formal port a is not equal to width 11 of actual constant.
WARNING:  For instance divdown/div/, width 5 of formal port b is not equal to width 11 of actual constant.
WARNING: File "/home/onur/Desktop/Neorv/IALU.v" Line 343.  For instance divdown/div/, width 6 of formal port div_result is not equal to width 12 of actual signal div_result.
WARNING:  For instance divup/div/, width 5 of formal port a is not equal to width 11 of actual constant.
WARNING:  For instance divup/div/, width 5 of formal port b is not equal to width 11 of actual constant.
WARNING: File "/home/onur/Desktop/Neorv/IALU.v" Line 343.  For instance divup/div/, width 6 of formal port div_result is not equal to width 12 of actual signal div_result.
# run 1000 ns
Simulator is doing circuit initialization process.
hata hidden bit yok
hata hidden bit yok
Finished circuit initialization process.
Overflow error normalize
Overflow error normalize
Overflow error normalize
Overflow error normalize
Overflow error normalize
Overflow error normalize
Overflow error normalize
Overflow error normalize
Overflow error normalize
Overflow error normalize
Overflow error normalize
Overflow error normalize
Overflow error normalize
Overflow error normalize
Overflow error normalize
Overflow error normalize
ISim P.20131013 (signature 0xfbc00daa)
WARNING: A WEBPACK license was found.
WARNING: Please use Xilinx License Configuration Manager to check out a full ISim license.
WARNING: ISim will run in Lite mode. Please refer to the ISim documentation for more information on the differences between the Lite and the Full version.
This is a Lite version of ISim.
WARNING: File "/home/onur/Desktop/Neorv/IALU.v" Line 518.  For instance multdown/normmul/, width 20 of formal port m_result is not equal to width 22 of actual signal mult_fract.
WARNING: File "/home/onur/Desktop/Neorv/IALU.v" Line 521.  For instance multdown/normmul/, width 20 of formal port s_result is not equal to width 22 of actual signal norm_res.
WARNING: File "/home/onur/Desktop/Neorv/IALU.v" Line 521.  For instance multdown/roundmul/, width 20 of formal port s_result is not equal to width 22 of actual signal norm_res.
WARNING: File "/home/onur/Desktop/Neorv/IALU.v" Line 518.  For instance multup/normmul/, width 20 of formal port m_result is not equal to width 22 of actual signal mult_fract.
WARNING: File "/home/onur/Desktop/Neorv/IALU.v" Line 521.  For instance multup/normmul/, width 20 of formal port s_result is not equal to width 22 of actual signal norm_res.
WARNING: File "/home/onur/Desktop/Neorv/IALU.v" Line 521.  For instance multup/roundmul/, width 20 of formal port s_result is not equal to width 22 of actual signal norm_res.
WARNING:  For instance divdown/div/, width 5 of formal port a is not equal to width 11 of actual constant.
WARNING:  For instance divdown/div/, width 5 of formal port b is not equal to width 11 of actual constant.
WARNING: File "/home/onur/Desktop/Neorv/IALU.v" Line 343.  For instance divdown/div/, width 6 of formal port div_result is not equal to width 12 of actual signal div_result.
WARNING:  For instance divup/div/, width 5 of formal port a is not equal to width 11 of actual constant.
WARNING:  For instance divup/div/, width 5 of formal port b is not equal to width 11 of actual constant.
WARNING: File "/home/onur/Desktop/Neorv/IALU.v" Line 343.  For instance divup/div/, width 6 of formal port div_result is not equal to width 12 of actual signal div_result.
# run 1000 ns
Simulator is doing circuit initialization process.
hata hidden bit yok
hata hidden bit yok
Finished circuit initialization process.
Overflow error normalize
Overflow error normalize
Overflow error normalize
Overflow error normalize
Overflow error normalize
Overflow error normalize
Overflow error normalize
Overflow error normalize
Overflow error normalize
Overflow error normalize
Overflow error normalize
Overflow error normalize
Overflow error normalize
Overflow error normalize
Overflow error normalize
Overflow error normalize
ISim P.20131013 (signature 0xfbc00daa)
WARNING: A WEBPACK license was found.
WARNING: Please use Xilinx License Configuration Manager to check out a full ISim license.
WARNING: ISim will run in Lite mode. Please refer to the ISim documentation for more information on the differences between the Lite and the Full version.
This is a Lite version of ISim.
WARNING:  For instance divdown/div/, width 5 of formal port a is not equal to width 11 of actual constant.
WARNING:  For instance divdown/div/, width 5 of formal port b is not equal to width 11 of actual constant.
WARNING: File "/home/onur/Desktop/Neorv/IALU.v" Line 343.  For instance divdown/div/, width 6 of formal port div_result is not equal to width 12 of actual signal div_result.
WARNING:  For instance divup/div/, width 5 of formal port a is not equal to width 11 of actual constant.
WARNING:  For instance divup/div/, width 5 of formal port b is not equal to width 11 of actual constant.
WARNING: File "/home/onur/Desktop/Neorv/IALU.v" Line 343.  For instance divup/div/, width 6 of formal port div_result is not equal to width 12 of actual signal div_result.
# run 1000 ns
Simulator is doing circuit initialization process.
hata hidden bit yok
hata hidden bit yok
Finished circuit initialization process.
ISim P.20131013 (signature 0xfbc00daa)
WARNING: A WEBPACK license was found.
WARNING: Please use Xilinx License Configuration Manager to check out a full ISim license.
WARNING: ISim will run in Lite mode. Please refer to the ISim documentation for more information on the differences between the Lite and the Full version.
This is a Lite version of ISim.
WARNING:  For instance divdown/div/, width 5 of formal port a is not equal to width 11 of actual constant.
WARNING:  For instance divdown/div/, width 5 of formal port b is not equal to width 11 of actual constant.
WARNING: File "/home/onur/Desktop/Neorv/IALU.v" Line 343.  For instance divdown/div/, width 6 of formal port div_result is not equal to width 12 of actual signal div_result.
WARNING:  For instance divup/div/, width 5 of formal port a is not equal to width 11 of actual constant.
WARNING:  For instance divup/div/, width 5 of formal port b is not equal to width 11 of actual constant.
WARNING: File "/home/onur/Desktop/Neorv/IALU.v" Line 343.  For instance divup/div/, width 6 of formal port div_result is not equal to width 12 of actual signal div_result.
# run 1000 ns
Simulator is doing circuit initialization process.
hata hidden bit yok
hata hidden bit yok
Finished circuit initialization process.
ISim P.20131013 (signature 0xfbc00daa)
WARNING: A WEBPACK license was found.
WARNING: Please use Xilinx License Configuration Manager to check out a full ISim license.
WARNING: ISim will run in Lite mode. Please refer to the ISim documentation for more information on the differences between the Lite and the Full version.
This is a Lite version of ISim.
WARNING:  For instance divdown/div/, width 5 of formal port a is not equal to width 11 of actual constant.
WARNING:  For instance divdown/div/, width 5 of formal port b is not equal to width 11 of actual constant.
WARNING: File "/home/onur/Desktop/Neorv/IALU.v" Line 343.  For instance divdown/div/, width 6 of formal port div_result is not equal to width 12 of actual signal div_result.
WARNING:  For instance divup/div/, width 5 of formal port a is not equal to width 11 of actual constant.
WARNING:  For instance divup/div/, width 5 of formal port b is not equal to width 11 of actual constant.
WARNING: File "/home/onur/Desktop/Neorv/IALU.v" Line 343.  For instance divup/div/, width 6 of formal port div_result is not equal to width 12 of actual signal div_result.
# run 1000 ns
Simulator is doing circuit initialization process.
hata hidden bit yok
hata hidden bit yok
Finished circuit initialization process.
ISim P.20131013 (signature 0xfbc00daa)
WARNING: A WEBPACK license was found.
WARNING: Please use Xilinx License Configuration Manager to check out a full ISim license.
WARNING: ISim will run in Lite mode. Please refer to the ISim documentation for more information on the differences between the Lite and the Full version.
This is a Lite version of ISim.
WARNING:  For instance divdown/div/, width 5 of formal port a is not equal to width 11 of actual constant.
WARNING:  For instance divdown/div/, width 5 of formal port b is not equal to width 11 of actual constant.
WARNING: File "/home/onur/Desktop/Neorv/IALU.v" Line 343.  For instance divdown/div/, width 6 of formal port div_result is not equal to width 12 of actual signal div_result.
WARNING:  For instance divup/div/, width 5 of formal port a is not equal to width 11 of actual constant.
WARNING:  For instance divup/div/, width 5 of formal port b is not equal to width 11 of actual constant.
WARNING: File "/home/onur/Desktop/Neorv/IALU.v" Line 343.  For instance divup/div/, width 6 of formal port div_result is not equal to width 12 of actual signal div_result.
# run 1000 ns
Simulator is doing circuit initialization process.
hata hidden bit yok
hata hidden bit yok
Finished circuit initialization process.
ISim P.20131013 (signature 0xfbc00daa)
WARNING: A WEBPACK license was found.
WARNING: Please use Xilinx License Configuration Manager to check out a full ISim license.
WARNING: ISim will run in Lite mode. Please refer to the ISim documentation for more information on the differences between the Lite and the Full version.
This is a Lite version of ISim.
WARNING:  For instance divdown/div/, width 5 of formal port a is not equal to width 11 of actual constant.
WARNING:  For instance divdown/div/, width 5 of formal port b is not equal to width 11 of actual constant.
WARNING: File "/home/onur/Desktop/Neorv/IALU.v" Line 343.  For instance divdown/div/, width 6 of formal port div_result is not equal to width 12 of actual signal div_result.
WARNING:  For instance divup/div/, width 5 of formal port a is not equal to width 11 of actual constant.
WARNING:  For instance divup/div/, width 5 of formal port b is not equal to width 11 of actual constant.
WARNING: File "/home/onur/Desktop/Neorv/IALU.v" Line 343.  For instance divup/div/, width 6 of formal port div_result is not equal to width 12 of actual signal div_result.
# run 1000 ns
Simulator is doing circuit initialization process.
hata hidden bit yok
hata hidden bit yok
Finished circuit initialization process.
ISim P.20131013 (signature 0xfbc00daa)
WARNING: A WEBPACK license was found.
WARNING: Please use Xilinx License Configuration Manager to check out a full ISim license.
WARNING: ISim will run in Lite mode. Please refer to the ISim documentation for more information on the differences between the Lite and the Full version.
This is a Lite version of ISim.
WARNING:  For instance divdown/div/, width 5 of formal port a is not equal to width 11 of actual constant.
WARNING:  For instance divdown/div/, width 5 of formal port b is not equal to width 11 of actual constant.
WARNING: File "/home/onur/Desktop/Neorv/IALU.v" Line 343.  For instance divdown/div/, width 6 of formal port div_result is not equal to width 12 of actual signal div_result.
WARNING:  For instance divup/div/, width 5 of formal port a is not equal to width 11 of actual constant.
WARNING:  For instance divup/div/, width 5 of formal port b is not equal to width 11 of actual constant.
WARNING: File "/home/onur/Desktop/Neorv/IALU.v" Line 343.  For instance divup/div/, width 6 of formal port div_result is not equal to width 12 of actual signal div_result.
# run 1000 ns
Simulator is doing circuit initialization process.
hata hidden bit yok
hata hidden bit yok
Finished circuit initialization process.
Stopped at time : 400 ns :  in File "/home/onur/Desktop/Neorv/ialutb.v" Line 61 
ISim P.20131013 (signature 0xfbc00daa)
WARNING: A WEBPACK license was found.
WARNING: Please use Xilinx License Configuration Manager to check out a full ISim license.
WARNING: ISim will run in Lite mode. Please refer to the ISim documentation for more information on the differences between the Lite and the Full version.
This is a Lite version of ISim.
WARNING:  For instance divdown/div/, width 5 of formal port a is not equal to width 11 of actual constant.
WARNING:  For instance divdown/div/, width 5 of formal port b is not equal to width 11 of actual constant.
WARNING: File "/home/onur/Desktop/Neorv/IALU.v" Line 343.  For instance divdown/div/, width 6 of formal port div_result is not equal to width 12 of actual signal div_result.
WARNING:  For instance divup/div/, width 5 of formal port a is not equal to width 11 of actual constant.
WARNING:  For instance divup/div/, width 5 of formal port b is not equal to width 11 of actual constant.
WARNING: File "/home/onur/Desktop/Neorv/IALU.v" Line 343.  For instance divup/div/, width 6 of formal port div_result is not equal to width 12 of actual signal div_result.
# run 1000 ns
Simulator is doing circuit initialization process.
hata hidden bit yok
hata hidden bit yok
Finished circuit initialization process.
Stopped at time : 400 ns :  in File "/home/onur/Desktop/Neorv/ialutb.v" Line 61 
ISim P.20131013 (signature 0xfbc00daa)
WARNING: A WEBPACK license was found.
WARNING: Please use Xilinx License Configuration Manager to check out a full ISim license.
WARNING: ISim will run in Lite mode. Please refer to the ISim documentation for more information on the differences between the Lite and the Full version.
This is a Lite version of ISim.
WARNING:  For instance divdown/div/, width 5 of formal port a is not equal to width 11 of actual constant.
WARNING:  For instance divdown/div/, width 5 of formal port b is not equal to width 11 of actual constant.
WARNING: File "/home/onur/Desktop/Neorv/IALU.v" Line 343.  For instance divdown/div/, width 6 of formal port div_result is not equal to width 12 of actual signal div_result.
WARNING:  For instance divup/div/, width 5 of formal port a is not equal to width 11 of actual constant.
WARNING:  For instance divup/div/, width 5 of formal port b is not equal to width 11 of actual constant.
WARNING: File "/home/onur/Desktop/Neorv/IALU.v" Line 343.  For instance divup/div/, width 6 of formal port div_result is not equal to width 12 of actual signal div_result.
# run 1000 ns
Simulator is doing circuit initialization process.
hata hidden bit yok
hata hidden bit yok
Finished circuit initialization process.
Stopped at time : 400 ns :  in File "/home/onur/Desktop/Neorv/ialutb.v" Line 61 
ISim P.20131013 (signature 0xfbc00daa)
WARNING: A WEBPACK license was found.
WARNING: Please use Xilinx License Configuration Manager to check out a full ISim license.
WARNING: ISim will run in Lite mode. Please refer to the ISim documentation for more information on the differences between the Lite and the Full version.
This is a Lite version of ISim.
WARNING:  For instance divdown/div/, width 5 of formal port a is not equal to width 11 of actual constant.
WARNING:  For instance divdown/div/, width 5 of formal port b is not equal to width 11 of actual constant.
WARNING: File "/home/onur/Desktop/Neorv/IALU.v" Line 343.  For instance divdown/div/, width 6 of formal port div_result is not equal to width 12 of actual signal div_result.
WARNING:  For instance divup/div/, width 5 of formal port a is not equal to width 11 of actual constant.
WARNING:  For instance divup/div/, width 5 of formal port b is not equal to width 11 of actual constant.
WARNING: File "/home/onur/Desktop/Neorv/IALU.v" Line 343.  For instance divup/div/, width 6 of formal port div_result is not equal to width 12 of actual signal div_result.
# run 1000 ns
Simulator is doing circuit initialization process.
hata hidden bit yok
hata hidden bit yok
Finished circuit initialization process.
Stopped at time : 400 ns :  in File "/home/onur/Desktop/Neorv/ialutb.v" Line 61 
ISim P.20131013 (signature 0xfbc00daa)
WARNING: A WEBPACK license was found.
WARNING: Please use Xilinx License Configuration Manager to check out a full ISim license.
WARNING: ISim will run in Lite mode. Please refer to the ISim documentation for more information on the differences between the Lite and the Full version.
This is a Lite version of ISim.
WARNING:  For instance divdown/div/, width 5 of formal port a is not equal to width 11 of actual constant.
WARNING:  For instance divdown/div/, width 5 of formal port b is not equal to width 11 of actual constant.
WARNING: File "/home/onur/Desktop/Neorv/IALU.v" Line 343.  For instance divdown/div/, width 6 of formal port div_result is not equal to width 12 of actual signal div_result.
WARNING:  For instance divup/div/, width 5 of formal port a is not equal to width 11 of actual constant.
WARNING:  For instance divup/div/, width 5 of formal port b is not equal to width 11 of actual constant.
WARNING: File "/home/onur/Desktop/Neorv/IALU.v" Line 343.  For instance divup/div/, width 6 of formal port div_result is not equal to width 12 of actual signal div_result.
# run 1000 ns
Simulator is doing circuit initialization process.
hata hidden bit yok
hata hidden bit yok
Finished circuit initialization process.
Stopped at time : 400 ns :  in File "/home/onur/Desktop/Neorv/ialutb.v" Line 61 
ISim P.20131013 (signature 0xfbc00daa)
WARNING: A WEBPACK license was found.
WARNING: Please use Xilinx License Configuration Manager to check out a full ISim license.
WARNING: ISim will run in Lite mode. Please refer to the ISim documentation for more information on the differences between the Lite and the Full version.
This is a Lite version of ISim.
WARNING:  For instance divdown/div/, width 5 of formal port a is not equal to width 11 of actual constant.
WARNING:  For instance divdown/div/, width 5 of formal port b is not equal to width 11 of actual constant.
WARNING: File "/home/onur/Desktop/Neorv/IALU.v" Line 343.  For instance divdown/div/, width 6 of formal port div_result is not equal to width 12 of actual signal div_result.
WARNING:  For instance divup/div/, width 5 of formal port a is not equal to width 11 of actual constant.
WARNING:  For instance divup/div/, width 5 of formal port b is not equal to width 11 of actual constant.
WARNING: File "/home/onur/Desktop/Neorv/IALU.v" Line 343.  For instance divup/div/, width 6 of formal port div_result is not equal to width 12 of actual signal div_result.
# run 1000 ns
Simulator is doing circuit initialization process.
hata hidden bit yok
hata hidden bit yok
Finished circuit initialization process.
Stopped at time : 400 ns :  in File "/home/onur/Desktop/Neorv/ialutb.v" Line 61 
ISim P.20131013 (signature 0xfbc00daa)
WARNING: A WEBPACK license was found.
WARNING: Please use Xilinx License Configuration Manager to check out a full ISim license.
WARNING: ISim will run in Lite mode. Please refer to the ISim documentation for more information on the differences between the Lite and the Full version.
This is a Lite version of ISim.
WARNING:  For instance divdown/div/, width 5 of formal port a is not equal to width 11 of actual constant.
WARNING:  For instance divdown/div/, width 5 of formal port b is not equal to width 11 of actual constant.
WARNING: File "/home/onur/Desktop/Neorv/IALU.v" Line 343.  For instance divdown/div/, width 6 of formal port div_result is not equal to width 12 of actual signal div_result.
WARNING:  For instance divup/div/, width 5 of formal port a is not equal to width 11 of actual constant.
WARNING:  For instance divup/div/, width 5 of formal port b is not equal to width 11 of actual constant.
WARNING: File "/home/onur/Desktop/Neorv/IALU.v" Line 343.  For instance divup/div/, width 6 of formal port div_result is not equal to width 12 of actual signal div_result.
# run 1000 ns
Simulator is doing circuit initialization process.
hata hidden bit yok
hata hidden bit yok
Finished circuit initialization process.
Stopped at time : 400 ns :  in File "/home/onur/Desktop/Neorv/ialutb.v" Line 61 
ISim P.20131013 (signature 0xfbc00daa)
WARNING: A WEBPACK license was found.
WARNING: Please use Xilinx License Configuration Manager to check out a full ISim license.
WARNING: ISim will run in Lite mode. Please refer to the ISim documentation for more information on the differences between the Lite and the Full version.
This is a Lite version of ISim.
WARNING:  For instance divdown/div/, width 5 of formal port a is not equal to width 11 of actual constant.
WARNING:  For instance divdown/div/, width 5 of formal port b is not equal to width 11 of actual constant.
WARNING: File "/home/onur/Desktop/Neorv/IALU.v" Line 343.  For instance divdown/div/, width 6 of formal port div_result is not equal to width 12 of actual signal div_result.
WARNING:  For instance divup/div/, width 5 of formal port a is not equal to width 11 of actual constant.
WARNING:  For instance divup/div/, width 5 of formal port b is not equal to width 11 of actual constant.
WARNING: File "/home/onur/Desktop/Neorv/IALU.v" Line 343.  For instance divup/div/, width 6 of formal port div_result is not equal to width 12 of actual signal div_result.
# run 1000 ns
Simulator is doing circuit initialization process.
hata hidden bit yok
hata hidden bit yok
Finished circuit initialization process.
Stopped at time : 400 ns :  in File "/home/onur/Desktop/Neorv/ialutb.v" Line 61 
ISim P.20131013 (signature 0xfbc00daa)
WARNING: A WEBPACK license was found.
WARNING: Please use Xilinx License Configuration Manager to check out a full ISim license.
WARNING: ISim will run in Lite mode. Please refer to the ISim documentation for more information on the differences between the Lite and the Full version.
This is a Lite version of ISim.
# run 1000 ns
Simulator is doing circuit initialization process.
hata hidden bit yok
hata hidden bit yok
Finished circuit initialization process.
Stopped at time : 400 ns :  in File "/home/onur/Desktop/Neorv/ialutb.v" Line 61 
ISim P.20131013 (signature 0xfbc00daa)
WARNING: A WEBPACK license was found.
WARNING: Please use Xilinx License Configuration Manager to check out a full ISim license.
WARNING: ISim will run in Lite mode. Please refer to the ISim documentation for more information on the differences between the Lite and the Full version.
This is a Lite version of ISim.
# run 1000 ns
Simulator is doing circuit initialization process.
hata hidden bit yok
hata hidden bit yok
Finished circuit initialization process.
Stopped at time : 400 ns :  in File "/home/onur/Desktop/Neorv/ialutb.v" Line 61 
ISim P.20131013 (signature 0xfbc00daa)
WARNING: A WEBPACK license was found.
WARNING: Please use Xilinx License Configuration Manager to check out a full ISim license.
WARNING: ISim will run in Lite mode. Please refer to the ISim documentation for more information on the differences between the Lite and the Full version.
This is a Lite version of ISim.
# run 1000 ns
Simulator is doing circuit initialization process.
hata hidden bit yok
hata hidden bit yok
Finished circuit initialization process.
Stopped at time : 400 ns :  in File "/home/onur/Desktop/Neorv/ialutb.v" Line 61 
# exit 0
