
****** PlanAhead v14.7 (64-bit)
  **** Build 321239 by xbuild on Fri Sep 27 19:24:36 MDT 2013
    ** Copyright 1986-1999, 2001-2013 Xilinx, Inc. All Rights Reserved.

INFO: [Common 17-78] Attempting to get a license: PlanAhead
INFO: [Common 17-290] Got license for PlanAhead
INFO: [Device 21-36] Loading parts and site information from /opt/Xilinx/14.7/ISE_DS/PlanAhead/data/parts/arch.xml
Parsing RTL primitives file [/opt/Xilinx/14.7/ISE_DS/PlanAhead/data/parts/xilinx/rtl/prims/rtl_prims.xml]
Finished parsing RTL primitives file [/opt/Xilinx/14.7/ISE_DS/PlanAhead/data/parts/xilinx/rtl/prims/rtl_prims.xml]
start_gui
source /home/onur/Desktop/Neorv/pa.fromNetlist.tcl
# create_project -name Neorv -dir "/home/onur/Desktop/Neorv/planAhead_run_2" -part xc6slx45csg324-2
# set_property design_mode GateLvl [get_property srcset [current_run -impl]]
# set_property edif_top_file "/home/onur/Desktop/Neorv/neorv32_test_setup_bootloader_cs.ngc" [ get_property srcset [ current_run ] ]
# add_files -norecurse { {/home/onur/Desktop/Neorv} }
# set_property target_constrs_file "neorv32_top.ucf" [current_fileset -constrset]
Adding file '/home/onur/Desktop/Neorv/neorv32_top.ucf' to fileset 'constrs_1'
# add_files [list {neorv32_top.ucf}] -fileset [get_property constrset [current_run]]
# link_design
Design is defaulting to srcset: sources_1
Design is defaulting to constrset: constrs_1
Design is defaulting to project part: xc6slx45csg324-2
Release 14.7 - ngc2edif P.20131013 (lin64)
Copyright (c) 1995-2013 Xilinx, Inc.  All rights reserved.

Release 14.7 - ngc2edif P.20131013 (lin64)
Copyright (c) 1995-2013 Xilinx, Inc.  All rights reserved.
Reading design neorv32_test_setup_bootloader_cs.ngc ...
Processing design ...
   Preping design's networks ...
   Preping design's macros ...
WARNING:NetListWriters:306 - Signal bus
   U0/I_NO_D.U_ILA/U_RST/U_HALT_XFER/iDOUT_dly<2 : 0> on block ila_pro_0 is not
   reconstructed, because there are some missing bus signals.
WARNING:NetListWriters:306 - Signal bus
   U0/I_NO_D.U_ILA/U_RST/U_ARM_XFER/iDOUT_dly<4 : 0> on block ila_pro_0 is not
   reconstructed, because there are some missing bus signals.
WARNING:NetListWriters:306 - Signal bus U0/U_ICON/iCORE_ID_SEL<15 : 0> on block
   icon_pro is not reconstructed, because there are some missing bus signals.
WARNING:NetListWriters:306 - Signal bus
   neorv32_top_inst/io_system.neorv32_uart0_enabled.neorv32_uart0_inst/bus_rsp_o
   _data<31 : 0> on block neorv32_test_setup_bootloader is not reconstructed,
   because there are some missing bus signals.
WARNING:NetListWriters:306 - Signal bus neorv32_top_inst/clk_gen<4 : 0> on block
   neorv32_test_setup_bootloader is not reconstructed, because there are some
   missing bus signals.
WARNING:NetListWriters:306 - Signal bus
   neorv32_top_inst/core_complex_gen[0].neorv32_cpu_inst/neorv32_cpu_control_ins
   t/issue_engine_data<33 : 1> on block neorv32_test_setup_bootloader is not
   reconstructed, because there are some missing bus signals.
WARNING:NetListWriters:306 - Signal bus
   neorv32_top_inst/core_complex_gen[0].neorv32_cpu_inst/neorv32_cpu_control_ins
   t/n0976<6 : 0> on block neorv32_test_setup_bootloader is not reconstructed,
   because there are some missing bus signals.
WARNING:NetListWriters:306 - Signal bus
   neorv32_top_inst/core_complex_gen[0].neorv32_cpu_inst/neorv32_cpu_control_ins
   t/cnt_nxt<31 : 0> on block neorv32_test_setup_bootloader is not
   reconstructed, because there are some missing bus signals.
WARNING:NetListWriters:306 - Signal bus
   neorv32_top_inst/core_complex_gen[0].neorv32_cpu_inst/neorv32_cpu_control_ins
   t/trap_ctrl_irq_buf<11 : 0> on block neorv32_test_setup_bootloader is not
   reconstructed, because there are some missing bus signals.
WARNING:NetListWriters:306 - Signal bus
   neorv32_top_inst/core_complex_gen[0].neorv32_cpu_inst/neorv32_cpu_control_ins
   t/trap_ctrl_irq_pnd<11 : 0> on block neorv32_test_setup_bootloader is not
   reconstructed, because there are some missing bus signals.
WARNING:NetListWriters:306 - Signal bus
   neorv32_top_inst/core_complex_gen[0].neorv32_cpu_inst/neorv32_cpu_control_ins
   t/csr_mtvec<31 : 0> on block neorv32_test_setup_bootloader is not
   reconstructed, because there are some missing bus signals.
WARNING:NetListWriters:306 - Signal bus
   neorv32_top_inst/core_complex_gen[0].neorv32_cpu_inst/neorv32_cpu_control_ins
   t/trap_ctrl_exc_buf<8 : 0> on block neorv32_test_setup_bootloader is not
   reconstructed, because there are some missing bus signals.
WARNING:NetListWriters:306 - Signal bus
   neorv32_top_inst/core_complex_gen[0].neorv32_cpu_inst/neorv32_cpu_alu_inst/ne
   orv32_cpu_cp_cfu_inst_true.neorv32_cpu_cp_cfu_inst/TopModules_inst/IALU_inst/
   divdown/subs/carry<3 : 1> on block neorv32_test_setup_bootloader is not
   reconstructed, because there are some missing bus signals.
WARNING:NetListWriters:306 - Signal bus
   neorv32_top_inst/core_complex_gen[0].neorv32_cpu_inst/neorv32_cpu_alu_inst/ne
   orv32_cpu_cp_cfu_inst_true.neorv32_cpu_cp_cfu_inst/TopModules_inst/IALU_inst/
   divdown/subs/Madd_n0008_Madd_cy<2 : 0> on block neorv32_test_setup_bootloader
   is not reconstructed, because there are some missing bus signals.
WARNING:NetListWriters:306 - Signal bus
   neorv32_top_inst/core_complex_gen[0].neorv32_cpu_inst/neorv32_cpu_alu_inst/ne
   orv32_cpu_cp_cfu_inst_true.neorv32_cpu_cp_cfu_inst/TopModules_inst/IALU_inst/
   divdown/div_normalized/Msub_GND_225_o_i2[31]_sub_24_OUT<4:0>_lut<3 : 1> on
   block neorv32_test_setup_bootloader is not reconstructed, because there are
   some missing bus signals.
WARNING:NetListWriters:306 - Signal bus
   neorv32_top_inst/core_complex_gen[0].neorv32_cpu_inst/neorv32_cpu_alu_inst/ne
   orv32_cpu_cp_cfu_inst_true.neorv32_cpu_cp_cfu_inst/TopModules_inst/IALU_inst/
   divup/subs/carry<3 : 1> on block neorv32_test_setup_bootloader is not
   reconstructed, because there are some missing bus signals.
WARNING:NetListWriters:306 - Signal bus
   neorv32_top_inst/core_complex_gen[0].neorv32_cpu_inst/neorv32_cpu_alu_inst/ne
   orv32_cpu_cp_cfu_inst_true.neorv32_cpu_cp_cfu_inst/TopModules_inst/IALU_inst/
   divup/subs/Madd_n0008_Madd_cy<2 : 0> on block neorv32_test_setup_bootloader
   is not reconstructed, because there are some missing bus signals.
WARNING:NetListWriters:306 - Signal bus
   neorv32_top_inst/core_complex_gen[0].neorv32_cpu_inst/neorv32_cpu_alu_inst/ne
   orv32_cpu_cp_cfu_inst_true.neorv32_cpu_cp_cfu_inst/TopModules_inst/IALU_inst/
   multup/roundmul/Madd_s_result[21]_GND_105_o_add_0_OUT_cy<9 : 7> on block
   neorv32_test_setup_bootloader is not reconstructed, because there are some
   missing bus signals.
WARNING:NetListWriters:306 - Signal bus
   neorv32_top_inst/core_complex_gen[0].neorv32_cpu_inst/neorv32_cpu_alu_inst/ne
   orv32_cpu_cp_cfu_inst_true.neorv32_cpu_cp_cfu_inst/TopModules_inst/IALU_inst/
   multdown/roundmul/Madd_s_result[21]_GND_105_o_add_0_OUT_cy<10 : 8> on block
   neorv32_test_setup_bootloader is not reconstructed, because there are some
   missing bus signals.
WARNING:NetListWriters:306 - Signal bus
   neorv32_top_inst/core_complex_gen[0].neorv32_cpu_inst/neorv32_cpu_alu_inst/ne
   orv32_cpu_cp_cfu_inst_true.neorv32_cpu_cp_cfu_inst/TopModules_inst/IALU_inst/
   multup/roundmul/tmp<7 : 0> on block neorv32_test_setup_bootloader is not
   reconstructed, because there are some missing bus signals.
WARNING:NetListWriters:306 - Signal bus
   neorv32_top_inst/core_complex_gen[0].neorv32_cpu_inst/neorv32_cpu_alu_inst/ne
   orv32_cpu_cp_cfu_inst_true.neorv32_cpu_cp_cfu_inst/TopModules_inst/IALU_inst/
   islem/GND_24_o_GND_24_o_mux_35_OUT<2 : 0> on block
   neorv32_test_setup_bootloader is not reconstructed, because there are some
   missing bus signals.
WARNING:NetListWriters:306 - Signal bus
   neorv32_top_inst/core_complex_gen[0].neorv32_cpu_inst/neorv32_cpu_alu_inst/ne
   orv32_cpu_cp_cfu_inst_true.neorv32_cpu_cp_cfu_inst/TopModules_inst/IALU_inst/
   adderup/Madd_tempexp[4]_GND_30_o_add_62_OUT_cy<2 : 0> on block
   neorv32_test_setup_bootloader is not reconstructed, because there are some
   missing bus signals.
WARNING:NetListWriters:306 - Signal bus
   neorv32_top_inst/core_complex_gen[0].neorv32_cpu_inst/neorv32_cpu_alu_inst/ne
   orv32_cpu_cp_cfu_inst_true.neorv32_cpu_cp_cfu_inst/TopModules_inst/IALU_inst/
   adderup/Mmux_diff_rs_lut<3 : 0> on block neorv32_test_setup_bootloader is not
   reconstructed, because there are some missing bus signals.
WARNING:NetListWriters:306 - Signal bus
   neorv32_top_inst/core_complex_gen[0].neorv32_cpu_inst/neorv32_cpu_alu_inst/ne
   orv32_cpu_cp_cfu_inst_true.neorv32_cpu_cp_cfu_inst/TopModules_inst/IALU_inst/
   adderup/Msub_GND_30_o_GND_30_o_sub_51_OUT<4:0>_cy<2 : 0> on block
   neorv32_test_setup_bootloader is not reconstructed, because there are some
   missing bus signals.
WARNING:NetListWriters:306 - Signal bus
   neorv32_top_inst/core_complex_gen[0].neorv32_cpu_inst/neorv32_cpu_alu_inst/ne
   orv32_cpu_cp_cfu_inst_true.neorv32_cpu_cp_cfu_inst/TopModules_inst/IALU_inst/
   adderup/Madd_bigexp[4]_GND_30_o_add_24_OUT_cy<2 : 0> on block
   neorv32_test_setup_bootloader is not reconstructed, because there are some
   missing bus signals.
WARNING:NetListWriters:306 - Signal bus
   neorv32_top_inst/core_complex_gen[0].neorv32_cpu_inst/neorv32_cpu_alu_inst/ne
   orv32_cpu_cp_cfu_inst_true.neorv32_cpu_cp_cfu_inst/TopModules_inst/IALU_inst/
   adderup/lowfract<10 : 3> on block neorv32_test_setup_bootloader is not
   reconstructed, because there are some missing bus signals.
WARNING:NetListWriters:306 - Signal bus
   neorv32_top_inst/core_complex_gen[0].neorv32_cpu_inst/neorv32_cpu_alu_inst/ne
   orv32_cpu_cp_cfu_inst_true.neorv32_cpu_cp_cfu_inst/TopModules_inst/IALU_inst/
   adderdown/Madd_tempexp[4]_GND_30_o_add_62_OUT_cy<2 : 0> on block
   neorv32_test_setup_bootloader is not reconstructed, because there are some
   missing bus signals.
WARNING:NetListWriters:306 - Signal bus
   neorv32_top_inst/core_complex_gen[0].neorv32_cpu_inst/neorv32_cpu_alu_inst/ne
   orv32_cpu_cp_cfu_inst_true.neorv32_cpu_cp_cfu_inst/TopModules_inst/IALU_inst/
   adderdown/Madd_bigexp[4]_GND_30_o_add_24_OUT_cy<2 : 0> on block
   neorv32_test_setup_bootloader is not reconstructed, because there are some
   missing bus signals.
WARNING:NetListWriters:306 - Signal bus
   neorv32_top_inst/core_complex_gen[0].neorv32_cpu_inst/neorv32_cpu_alu_inst/ne
   orv32_cpu_cp_cfu_inst_true.neorv32_cpu_cp_cfu_inst/TopModules_inst/IALU_inst/
   adderdown/lowfract<10 : 3> on block neorv32_test_setup_bootloader is not
   reconstructed, because there are some missing bus signals.
WARNING:NetListWriters:306 - Signal bus
   neorv32_top_inst/core_complex_gen[0].neorv32_cpu_inst/neorv32_cpu_alu_inst/ne
   orv32_cpu_cp_cfu_inst_true.neorv32_cpu_cp_cfu_inst/TopModules_inst/IALU_inst/
   divdown/div/a[10]_a[10]_mux_31_OUT<11 : 2> on block
   neorv32_test_setup_bootloader is not reconstructed, because there are some
   missing bus signals.
WARNING:NetListWriters:306 - Signal bus
   neorv32_top_inst/core_complex_gen[0].neorv32_cpu_inst/neorv32_cpu_alu_inst/ne
   orv32_cpu_cp_cfu_inst_true.neorv32_cpu_cp_cfu_inst/TopModules_inst/IALU_inst/
   divdown/div/a[10]_a[10]_mux_28_OUT<11 : 2> on block
   neorv32_test_setup_bootloader is not reconstructed, because there are some
   missing bus signals.
WARNING:NetListWriters:306 - Signal bus
   neorv32_top_inst/core_complex_gen[0].neorv32_cpu_inst/neorv32_cpu_alu_inst/ne
   orv32_cpu_cp_cfu_inst_true.neorv32_cpu_cp_cfu_inst/TopModules_inst/IALU_inst/
   divdown/div/a[10]_a[10]_mux_25_OUT<11 : 2> on block
   neorv32_test_setup_bootloader is not reconstructed, because there are some
   missing bus signals.
WARNING:NetListWriters:306 - Signal bus
   neorv32_top_inst/core_complex_gen[0].neorv32_cpu_inst/neorv32_cpu_alu_inst/ne
   orv32_cpu_cp_cfu_inst_true.neorv32_cpu_cp_cfu_inst/TopModules_inst/IALU_inst/
   divdown/div/a[10]_a[10]_mux_22_OUT<11 : 2> on block
   neorv32_test_setup_bootloader is not reconstructed, because there are some
   missing bus signals.
WARNING:NetListWriters:306 - Signal bus
   neorv32_top_inst/core_complex_gen[0].neorv32_cpu_inst/neorv32_cpu_alu_inst/ne
   orv32_cpu_cp_cfu_inst_true.neorv32_cpu_cp_cfu_inst/TopModules_inst/IALU_inst/
   divdown/div/a[10]_a[10]_mux_19_OUT<11 : 2> on block
   neorv32_test_setup_bootloader is not reconstructed, because there are some
   missing bus signals.
WARNING:NetListWriters:306 - Signal bus
   neorv32_top_inst/core_complex_gen[0].neorv32_cpu_inst/neorv32_cpu_alu_inst/ne
   orv32_cpu_cp_cfu_inst_true.neorv32_cpu_cp_cfu_inst/TopModules_inst/IALU_inst/
   divdown/div/a[10]_a[10]_mux_16_OUT<11 : 2> on block
   neorv32_test_setup_bootloader is not reconstructed, because there are some
   missing bus signals.
WARNING:NetListWriters:306 - Signal bus
   neorv32_top_inst/core_complex_gen[0].neorv32_cpu_inst/neorv32_cpu_alu_inst/ne
   orv32_cpu_cp_cfu_inst_true.neorv32_cpu_cp_cfu_inst/TopModules_inst/IALU_inst/
   divdown/div/a[10]_a[10]_mux_13_OUT<11 : 2> on block
   neorv32_test_setup_bootloader is not reconstructed, because there are some
   missing bus signals.
WARNING:NetListWriters:306 - Signal bus
   neorv32_top_inst/core_complex_gen[0].neorv32_cpu_inst/neorv32_cpu_alu_inst/ne
   orv32_cpu_cp_cfu_inst_true.neorv32_cpu_cp_cfu_inst/TopModules_inst/IALU_inst/
   divdown/div/a[10]_a[10]_mux_10_OUT<11 : 2> on block
   neorv32_test_setup_bootloader is not reconstructed, because there are some
   missing bus signals.
WARNING:NetListWriters:306 - Signal bus
   neorv32_top_inst/core_complex_gen[0].neorv32_cpu_inst/neorv32_cpu_alu_inst/ne
   orv32_cpu_cp_cfu_inst_true.neorv32_cpu_cp_cfu_inst/TopModules_inst/IALU_inst/
   divdown/div/a[10]_a[10]_mux_7_OUT<11 : 2> on block
   neorv32_test_setup_bootloader is not reconstructed, because there are some
   missing bus signals.
WARNING:NetListWriters:306 - Signal bus
   neorv32_top_inst/core_complex_gen[0].neorv32_cpu_inst/neorv32_cpu_alu_inst/ne
   orv32_cpu_cp_cfu_inst_true.neorv32_cpu_cp_cfu_inst/TopModules_inst/IALU_inst/
   divdown/div/a[10]_GND_222_o_mux_4_OUT<11 : 1> on block
   neorv32_test_setup_bootloader is not reconstructed, because there are some
   missing bus signals.
WARNING:NetListWriters:306 - Signal bus
   neorv32_top_inst/core_complex_gen[0].neorv32_cpu_inst/neorv32_cpu_alu_inst/ne
   orv32_cpu_cp_cfu_inst_true.neorv32_cpu_cp_cfu_inst/TopModules_inst/IALU_inst/
   divup/div/a[10]_a[10]_mux_31_OUT<11 : 2> on block
   neorv32_test_setup_bootloader is not reconstructed, because there are some
   missing bus signals.
WARNING:NetListWriters:306 - Signal bus
   neorv32_top_inst/core_complex_gen[0].neorv32_cpu_inst/neorv32_cpu_alu_inst/ne
   orv32_cpu_cp_cfu_inst_true.neorv32_cpu_cp_cfu_inst/TopModules_inst/IALU_inst/
   divup/div/a[10]_a[10]_mux_28_OUT<11 : 2> on block
   neorv32_test_setup_bootloader is not reconstructed, because there are some
   missing bus signals.
WARNING:NetListWriters:306 - Signal bus
   neorv32_top_inst/core_complex_gen[0].neorv32_cpu_inst/neorv32_cpu_alu_inst/ne
   orv32_cpu_cp_cfu_inst_true.neorv32_cpu_cp_cfu_inst/TopModules_inst/IALU_inst/
   divup/div/a[10]_a[10]_mux_25_OUT<11 : 2> on block
   neorv32_test_setup_bootloader is not reconstructed, because there are some
   missing bus signals.
WARNING:NetListWriters:306 - Signal bus
   neorv32_top_inst/core_complex_gen[0].neorv32_cpu_inst/neorv32_cpu_alu_inst/ne
   orv32_cpu_cp_cfu_inst_true.neorv32_cpu_cp_cfu_inst/TopModules_inst/IALU_inst/
   divup/div/a[10]_a[10]_mux_22_OUT<11 : 2> on block
   neorv32_test_setup_bootloader is not reconstructed, because there are some
   missing bus signals.
WARNING:NetListWriters:306 - Signal bus
   neorv32_top_inst/core_complex_gen[0].neorv32_cpu_inst/neorv32_cpu_alu_inst/ne
   orv32_cpu_cp_cfu_inst_true.neorv32_cpu_cp_cfu_inst/TopModules_inst/IALU_inst/
   divup/div/a[10]_a[10]_mux_19_OUT<11 : 2> on block
   neorv32_test_setup_bootloader is not reconstructed, because there are some
   missing bus signals.
WARNING:NetListWriters:306 - Signal bus
   neorv32_top_inst/core_complex_gen[0].neorv32_cpu_inst/neorv32_cpu_alu_inst/ne
   orv32_cpu_cp_cfu_inst_true.neorv32_cpu_cp_cfu_inst/TopModules_inst/IALU_inst/
   divup/div/a[10]_a[10]_mux_16_OUT<11 : 2> on block
   neorv32_test_setup_bootloader is not reconstructed, because there are some
   missing bus signals.
WARNING:NetListWriters:306 - Signal bus
   neorv32_top_inst/core_complex_gen[0].neorv32_cpu_inst/neorv32_cpu_alu_inst/ne
   orv32_cpu_cp_cfu_inst_true.neorv32_cpu_cp_cfu_inst/TopModules_inst/IALU_inst/
   divup/div/a[10]_a[10]_mux_13_OUT<11 : 2> on block
   neorv32_test_setup_bootloader is not reconstructed, because there are some
   missing bus signals.
WARNING:NetListWriters:306 - Signal bus
   neorv32_top_inst/core_complex_gen[0].neorv32_cpu_inst/neorv32_cpu_alu_inst/ne
   orv32_cpu_cp_cfu_inst_true.neorv32_cpu_cp_cfu_inst/TopModules_inst/IALU_inst/
   divup/div/a[10]_a[10]_mux_10_OUT<11 : 2> on block
   neorv32_test_setup_bootloader is not reconstructed, because there are some
   missing bus signals.
WARNING:NetListWriters:306 - Signal bus
   neorv32_top_inst/core_complex_gen[0].neorv32_cpu_inst/neorv32_cpu_alu_inst/ne
   orv32_cpu_cp_cfu_inst_true.neorv32_cpu_cp_cfu_inst/TopModules_inst/IALU_inst/
   divup/div/a[10]_a[10]_mux_7_OUT<11 : 2> on block
   neorv32_test_setup_bootloader is not reconstructed, because there are some
   missing bus signals.
WARNING:NetListWriters:306 - Signal bus
   neorv32_top_inst/core_complex_gen[0].neorv32_cpu_inst/neorv32_cpu_alu_inst/ne
   orv32_cpu_cp_cfu_inst_true.neorv32_cpu_cp_cfu_inst/TopModules_inst/IALU_inst/
   divup/div/a[10]_GND_222_o_mux_4_OUT<11 : 1> on block
   neorv32_test_setup_bootloader is not reconstructed, because there are some
   missing bus signals.
WARNING:NetListWriters:306 - Signal bus
   neorv32_top_inst/io_system.neorv32_uart0_enabled.neorv32_uart0_inst/GND_732_o
   _GND_732_o_mux_8_OUT<31 : 0> on block neorv32_test_setup_bootloader is not
   reconstructed, because there are some missing bus signals.
  finished :Prep
Writing EDIF netlist file neorv32_test_setup_bootloader_cs.edif ...
ngc2edif: Total memory usage is 124348 kilobytes

Parsing EDIF File [./planAhead_run_2/Neorv.data/cache/neorv32_test_setup_bootloader_cs_ngc_e5cd7652.edif]
Finished Parsing EDIF File [./planAhead_run_2/Neorv.data/cache/neorv32_test_setup_bootloader_cs_ngc_e5cd7652.edif]
INFO: [Netlist 29-17] Analyzing 1 Unisim elements for replacement
INFO: [Netlist 29-28] Unisim Transformation completed in 0 CPU seconds
WARNING: [Netlist 29-43] Netlist 'neorv32_test_setup_bootloader' is not ideal for floorplanning, since the cellview 'neorv32_test_setup_bootloader' defined in file 'neorv32_test_setup_bootloader_cs.ngc' contains large number of primitives.  Please consider enabling hierarchy in synthesis if you want to do floorplanning.
Loading clock regions from /opt/Xilinx/14.7/ISE_DS/PlanAhead/data/parts/xilinx/spartan6/spartan6lx/xc6slx45/ClockRegion.xml
Loading clock buffers from /opt/Xilinx/14.7/ISE_DS/PlanAhead/data/parts/xilinx/spartan6/spartan6lx/xc6slx45/ClockBuffers.xml
Loading package pin functions from /opt/Xilinx/14.7/ISE_DS/PlanAhead/data/parts/xilinx/spartan6/PinFunctions.xml...
Loading package from /opt/Xilinx/14.7/ISE_DS/PlanAhead/data/parts/xilinx/spartan6/spartan6lx/xc6slx45/csg324/Package.xml
Loading io standards from /opt/Xilinx/14.7/ISE_DS/PlanAhead/data/./parts/xilinx/spartan6/IOStandards.xml
Loading device configuration modes from /opt/Xilinx/14.7/ISE_DS/PlanAhead/data/parts/xilinx/spartan6/ConfigModes.xml
Loading list of drcs for the architecture : /opt/Xilinx/14.7/ISE_DS/PlanAhead/data/./parts/xilinx/spartan6/drc.xml
WARNING: [Timing 38-83] Timing library cell SRLC32E does not define port A[4] which is referred to in the netlist. The library cell will be ignored and the cell will be treated as a black box for timing purposes.
WARNING: [Timing 38-83] Timing library cell SRLC32E does not define port A[3] which is referred to in the netlist. The library cell will be ignored and the cell will be treated as a black box for timing purposes.
WARNING: [Timing 38-83] Timing library cell SRLC32E does not define port A[2] which is referred to in the netlist. The library cell will be ignored and the cell will be treated as a black box for timing purposes.
WARNING: [Timing 38-83] Timing library cell SRLC32E does not define port A[1] which is referred to in the netlist. The library cell will be ignored and the cell will be treated as a black box for timing purposes.
WARNING: [Timing 38-83] Timing library cell SRLC32E does not define port A[0] which is referred to in the netlist. The library cell will be ignored and the cell will be treated as a black box for timing purposes.
Parsing UCF File [/home/onur/Desktop/Neorv/.Xil/PlanAhead-8910-hp/ngc2edif/neorv32_test_setup_bootloader_cs.xncf]
Finished Parsing UCF File [/home/onur/Desktop/Neorv/.Xil/PlanAhead-8910-hp/ngc2edif/neorv32_test_setup_bootloader_cs.xncf]
Parsing UCF File [/home/onur/Desktop/Neorv/neorv32_top.ucf]
Finished Parsing UCF File [/home/onur/Desktop/Neorv/neorv32_top.ucf]
INFO: [Project 1-111] Unisim Transformation Summary:
  A total of 1 instances were transformed.
  BUFGP => BUFGP (IBUF, BUFG): 1 instances

Phase 0 | Netlist Checksum: 9d1ffdba
link_design: Time (s): cpu = 00:00:13 ; elapsed = 00:00:13 . Memory (MB): peak = 2976.684 ; gain = 192.172
exit
ERROR: [Common 17-39] 'stop_gui' failed due to earlier errors.
INFO: [Common 17-206] Exiting PlanAhead at Tue Apr  8 12:47:34 2025...
INFO: [Common 17-83] Releasing license: PlanAhead
