
****** PlanAhead v14.7 (64-bit)
  **** Build 321239 by xbuild on Fri Sep 27 19:24:36 MDT 2013
    ** Copyright 1986-1999, 2001-2013 Xilinx, Inc. All Rights Reserved.

INFO: [Common 17-78] Attempting to get a license: PlanAhead
INFO: [Common 17-290] Got license for PlanAhead
INFO: [Device 21-36] Loading parts and site information from /opt/Xilinx/14.7/ISE_DS/PlanAhead/data/parts/arch.xml
Parsing RTL primitives file [/opt/Xilinx/14.7/ISE_DS/PlanAhead/data/parts/xilinx/rtl/prims/rtl_prims.xml]
Finished parsing RTL primitives file [/opt/Xilinx/14.7/ISE_DS/PlanAhead/data/parts/xilinx/rtl/prims/rtl_prims.xml]
start_gui
source /home/onur/Desktop/Neorv/pa.fromNetlist.tcl
# create_project -name Neorv -dir "/home/onur/Desktop/Neorv/planAhead_run_3" -part xc6slx45csg324-2
# set_property design_mode GateLvl [get_property srcset [current_run -impl]]
# set_property edif_top_file "/home/onur/Desktop/Neorv/neorv32_test_setup_bootloader.ngc" [ get_property srcset [ current_run ] ]
# add_files -norecurse { {/home/onur/Desktop/Neorv} }
# set_property target_constrs_file "neorv32_top.ucf" [current_fileset -constrset]
Adding file '/home/onur/Desktop/Neorv/neorv32_top.ucf' to fileset 'constrs_1'
INFO: [Common 17-41] Interrupt caught. Command should exit soon.
INFO: [Common 17-344] 'source' was cancelled
exit
ERROR: [Common 17-39] 'stop_gui' failed due to earlier errors.
INFO: [Common 17-206] Exiting PlanAhead at Tue Apr  8 13:03:49 2025...
INFO: [Common 17-83] Releasing license: PlanAhead
