Command line:
   ialutb_isim_beh.exe
     -simmode  gui
     -simrunnum  0
     -socket  51583

Fri Feb 28 01:48:50 2025


 Elaboration Time: 0.01 sec

 Current Memory Usage: 185.922 Meg

 Total Signals          : 350
 Total Nets             : 1267
 Total Signal Drivers   : 226
 Total Blocks           : 44
 Total Primitive Blocks : 32
 Total Processes        : 248
 Total Traceable Variables  : 150
 Total Scalar Nets and Variables : 2529
Total Line Count : 760

 Total Simulation Time: 0.04 sec

 Current Memory Usage: 261.423 Meg

Fri Feb 28 01:52:14 2025

